number,value,datetime_start,datetime_complete,duration,params_batch_size,params_dropout,params_hidden_size,params_learning_rate,params_num_mlp_layers,params_num_rnn_layers,state
0,0.025909228019499443,2024-11-23 01:04:27.341305,2024-11-23 01:13:55.979770,0 days 00:09:28.638465,32,0.3,128,1.48169056887279e-05,1,3,COMPLETE
1,0.024598418863913358,2024-11-23 01:13:55.980770,2024-11-23 01:23:12.406509,0 days 00:09:16.425739,64,0.3,32,0.0001340504917774188,2,6,COMPLETE
2,0.0226837744712895,2024-11-23 01:23:12.406509,2024-11-23 01:31:28.659523,0 days 00:08:16.253014,80,0.3,128,0.0027869922399479667,1,5,COMPLETE
3,0.02503980793448776,2024-11-23 01:31:28.659523,2024-11-23 01:49:17.829262,0 days 00:17:49.169739,64,0.3,64,0.00012642697898289555,1,1,COMPLETE
4,0.021892093124750957,2024-11-23 01:49:17.830265,2024-11-23 02:16:37.978710,0 days 00:27:20.148445,80,0.2,80,0.0006079169411183385,2,3,COMPLETE
5,0.02469078990880608,2024-11-23 02:16:37.978710,2024-11-23 02:40:48.900865,0 days 00:24:10.922155,80,0.1,64,6.550765804166144e-05,2,6,COMPLETE
6,0.03358601705612571,2024-11-23 02:40:48.901865,2024-11-23 03:01:50.373249,0 days 00:21:01.471384,96,0.2,64,1.0446399635344341e-05,1,1,COMPLETE
7,0.02300989295806183,2024-11-23 03:01:50.373249,2024-11-23 03:10:42.761549,0 days 00:08:52.388300,96,0.2,96,0.0001730787713900939,2,5,COMPLETE
8,0.023199469007810305,2024-11-23 03:10:42.762549,2024-11-23 03:18:59.274907,0 days 00:08:16.512358,80,0.1,80,0.00017033892944189828,2,2,COMPLETE
9,0.022605956784755243,2024-11-23 03:18:59.274907,2024-11-23 03:27:35.947558,0 days 00:08:36.672651,64,0.3,96,0.006051239759990239,2,3,COMPLETE
10,0.022022337921280815,2024-11-23 03:27:35.948557,2024-11-23 03:37:57.888903,0 days 00:10:21.940346,16,0.2,80,0.0012729927505079435,2,4,COMPLETE
11,0.022371588838113115,2024-11-23 03:37:57.888903,2024-11-23 03:48:20.308030,0 days 00:10:22.419127,16,0.2,80,0.0011278207627868457,2,4,COMPLETE
12,0.022172861666414433,2024-11-23 03:48:20.308030,2024-11-23 03:58:48.406600,0 days 00:10:28.098570,16,0.2,112,0.000989763146465459,2,4,COMPLETE
13,0.021950654446347143,2024-11-23 03:58:48.407600,2024-11-23 04:08:23.712737,0 days 00:09:35.305137,16,0.2,48,0.0006924243777359648,2,2,COMPLETE
14,0.022078152935411145,2024-11-23 04:08:23.712737,2024-11-23 04:17:20.115692,0 days 00:08:56.402955,32,0.2,48,0.00046295120824282047,2,2,COMPLETE
15,0.022443026422162702,2024-11-23 04:17:20.115692,2024-11-23 04:25:46.524074,0 days 00:08:26.408382,80,0.2,48,0.0004992398765182576,2,2,COMPLETE
16,0.022196040572233646,2024-11-23 04:25:46.524074,2024-11-23 04:35:45.616864,0 days 00:09:59.092790,16,0.2,48,0.0033008487036492087,2,3,COMPLETE
17,0.0259741432057286,2024-11-23 04:35:45.616864,2024-11-23 04:45:34.192247,0 days 00:09:48.575383,16,0.1,32,4.301198570250866e-05,1,2,COMPLETE
18,0.02307727877111234,2024-11-23 04:45:34.192247,2024-11-23 04:53:49.981596,0 days 00:08:15.789349,80,0.2,112,0.000397812681567795,2,1,COMPLETE
19,0.02309275620813707,2024-11-23 04:53:49.982596,2024-11-23 05:03:03.329976,0 days 00:09:13.347380,32,0.2,48,0.008603254965613087,2,3,COMPLETE
20,0.02229169098589265,2024-11-23 05:03:03.330976,2024-11-23 05:12:27.882966,0 days 00:09:24.551990,16,0.1,80,0.00274270491154177,1,2,COMPLETE
21,0.022457789471405424,2024-11-23 05:12:27.882966,2024-11-23 05:22:42.954888,0 days 00:10:15.071922,16,0.2,80,0.001077642812284696,2,4,COMPLETE
22,0.022574984380885666,2024-11-23 05:22:42.954888,2024-11-23 05:33:18.665906,0 days 00:10:35.711018,16,0.2,80,0.0016513688501117692,2,5,COMPLETE
23,0.02233652155331213,2024-11-23 05:33:18.666906,2024-11-23 05:43:35.079169,0 days 00:10:16.412263,16,0.2,80,0.0006591249864060269,2,4,COMPLETE
24,0.02231204045971831,2024-11-23 05:43:35.079169,2024-11-23 05:52:18.428193,0 days 00:08:43.349024,96,0.2,80,0.00029542509887684696,2,3,COMPLETE
25,0.022295458603464356,2024-11-23 05:52:18.429194,2024-11-23 06:01:23.114138,0 days 00:09:04.684944,80,0.2,48,0.0017247676683344677,2,4,COMPLETE
26,0.021945433002832193,2024-11-23 06:01:23.114138,2024-11-23 06:11:16.418056,0 days 00:09:53.303918,16,0.2,80,0.0002680263847318974,2,3,COMPLETE
27,0.022295894432020513,2024-11-23 06:11:16.418056,2024-11-23 06:21:07.400165,0 days 00:09:50.982109,16,0.2,32,0.00028086223521440876,2,2,COMPLETE
28,0.024481607101547846,2024-11-23 06:21:07.401165,2024-11-23 06:29:54.031483,0 days 00:08:46.630318,80,0.1,96,6.423095135443364e-05,2,3,COMPLETE
29,0.02541423554174048,2024-11-23 06:29:54.031483,2024-11-23 06:39:18.529830,0 days 00:09:24.498347,32,0.2,128,2.77114903689373e-05,1,3,COMPLETE
30,0.02264188242707282,2024-11-23 06:39:18.530830,2024-11-23 06:47:49.016018,0 days 00:08:30.485188,64,0.3,112,0.0007064033343756242,2,1,COMPLETE
31,0.02250240759953486,2024-11-23 06:47:49.016018,2024-11-23 06:58:08.698228,0 days 00:10:19.682210,16,0.2,80,0.00022188652470344809,2,4,COMPLETE
32,0.021882768906851223,2024-11-23 06:58:08.699228,2024-11-23 07:07:57.560926,0 days 00:09:48.861698,16,0.2,80,0.0007951966954413618,2,3,COMPLETE
33,0.022225999271016667,2024-11-23 07:07:57.561926,2024-11-23 07:17:20.055849,0 days 00:09:22.493923,16,0.2,80,0.0006826199834309841,2,2,COMPLETE
34,0.022618440328032362,2024-11-23 07:17:20.055849,2024-11-23 07:27:21.689757,0 days 00:10:01.633908,16,0.3,128,0.00010380459037890573,2,3,COMPLETE
35,0.022296436076290026,2024-11-23 07:27:21.690757,2024-11-23 07:35:53.469351,0 days 00:08:31.778594,64,0.2,80,0.0004043819373178326,2,3,COMPLETE
36,0.02260503487642625,2024-11-23 07:35:53.470352,2024-11-23 07:44:10.012356,0 days 00:08:16.542004,80,0.2,48,0.0007412233701961543,1,2,COMPLETE
37,0.02193429807014595,2024-11-23 07:44:10.013356,2024-11-23 07:52:29.362214,0 days 00:08:19.348858,96,0.3,64,0.0020022367813059155,2,3,COMPLETE
38,0.022056869976961026,2024-11-23 07:52:29.362214,2024-11-23 08:00:48.706240,0 days 00:08:19.344026,96,0.3,64,0.0037486913125927934,2,3,COMPLETE
39,0.021838122945175287,2024-11-23 08:00:48.707240,2024-11-23 08:09:32.900544,0 days 00:08:44.193304,96,0.3,64,0.0017876727878630026,2,5,COMPLETE
40,0.022433263669470304,2024-11-23 08:09:32.900544,2024-11-23 08:18:15.622908,0 days 00:08:42.722364,96,0.3,64,0.0020941956256771035,1,5,COMPLETE
41,0.02267429741514811,2024-11-23 08:18:15.623908,2024-11-23 08:27:11.274416,0 days 00:08:55.650508,96,0.3,64,0.004730515189517028,2,6,COMPLETE
42,0.02247397175175022,2024-11-23 08:27:11.275416,2024-11-23 08:36:03.044319,0 days 00:08:51.768903,96,0.3,64,0.0017000318236023925,2,6,COMPLETE
43,0.022495393786026694,2024-11-23 08:36:03.045319,2024-11-23 08:44:48.576970,0 days 00:08:45.531651,96,0.3,64,0.002740649141047467,2,5,COMPLETE
44,0.02488392814480117,2024-11-23 08:44:48.576970,2024-11-23 08:53:08.069100,0 days 00:08:19.492130,96,0.3,64,0.00012800814917252328,2,3,COMPLETE
45,0.022280078618333875,2024-11-23 08:53:08.069100,2024-11-23 09:01:40.950706,0 days 00:08:32.881606,96,0.3,64,0.001283175623591942,2,4,COMPLETE
46,0.02198767382132974,2024-11-23 09:01:40.951707,2024-11-23 09:09:53.915231,0 days 00:08:12.963524,96,0.3,96,0.002269455745911445,2,3,COMPLETE
47,0.022448100193645446,2024-11-23 09:09:53.916230,2024-11-23 09:18:34.107775,0 days 00:08:40.191545,80,0.3,80,0.0009091272867904479,2,4,COMPLETE
48,0.02403861459713274,2024-11-23 09:18:34.108774,2024-11-23 09:27:07.079650,0 days 00:08:32.970876,64,0.1,32,0.00018803700222419585,2,3,COMPLETE
49,0.022531340435600736,2024-11-23 09:27:07.079650,2024-11-23 09:35:40.729375,0 days 00:08:33.649725,96,0.3,64,0.005620401220603848,2,4,COMPLETE
50,0.022367962974704964,2024-11-23 09:35:40.730375,2024-11-23 09:44:44.158255,0 days 00:09:03.427880,32,0.1,128,0.001338015184084186,2,3,COMPLETE
51,0.022230422595448655,2024-11-23 09:44:44.159255,2024-11-23 09:53:56.494161,0 days 00:09:12.334906,16,0.2,80,0.0005749366800056352,2,2,COMPLETE
52,0.02290327104908928,2024-11-23 09:53:56.494161,2024-11-23 10:02:36.410279,0 days 00:08:39.916118,16,0.2,48,0.00035942498432530465,2,1,COMPLETE
53,0.022215122871915013,2024-11-23 10:02:36.411278,2024-11-23 10:10:48.157021,0 days 00:08:11.745743,80,0.2,112,0.0008661344177904809,2,2,COMPLETE
54,0.022307869892658296,2024-11-23 10:10:48.157021,2024-11-23 10:20:01.430901,0 days 00:09:13.273880,16,0.2,80,0.0004801392755644193,2,2,COMPLETE
55,0.02218908878248125,2024-11-23 10:20:01.430901,2024-11-23 10:29:41.586871,0 days 00:09:40.155970,16,0.2,48,0.00025909555782211834,2,3,COMPLETE
56,0.021981895027681567,2024-11-23 10:29:41.586871,2024-11-23 10:39:12.471482,0 days 00:09:30.884611,32,0.2,80,0.000981745491530944,2,5,COMPLETE
57,0.022204674107239305,2024-11-23 10:39:12.471482,2024-11-23 10:47:48.344954,0 days 00:08:35.873472,16,0.2,64,0.0014436246050027067,2,3,COMPLETE
58,0.022047800078599626,2024-11-23 10:47:48.344954,2024-11-23 10:56:04.307593,0 days 00:08:15.962639,80,0.3,96,0.00053185133522563,2,2,COMPLETE
59,0.021944065239574283,2024-11-23 10:56:04.307593,2024-11-23 11:04:33.563942,0 days 00:08:29.256349,96,0.2,32,0.0021419095964715076,2,4,COMPLETE
60,0.022338713739192186,2024-11-23 11:04:33.564942,2024-11-23 11:13:19.514047,0 days 00:08:45.949105,96,0.2,32,0.0034354125527660618,2,5,COMPLETE
61,0.022015666937838338,2024-11-23 11:13:19.514047,2024-11-23 11:21:51.005143,0 days 00:08:31.491096,96,0.2,32,0.002133935604140901,2,4,COMPLETE
62,0.02230322692095071,2024-11-23 11:21:51.005143,2024-11-23 11:30:10.123976,0 days 00:08:19.118833,96,0.2,32,0.0011205012396983014,2,3,COMPLETE
63,0.02215596169892798,2024-11-23 11:30:10.123976,2024-11-23 11:38:39.198812,0 days 00:08:29.074836,96,0.2,80,0.009212179389653389,2,4,COMPLETE
64,0.021882490087899057,2024-11-23 11:38:39.199812,2024-11-23 11:49:19.505655,0 days 00:10:40.305843,16,0.2,32,0.0008161364948952836,2,5,COMPLETE
65,0.024158493893496853,2024-11-23 11:49:19.506655,2024-11-23 11:57:51.076469,0 days 00:08:31.569814,16,0.2,32,0.00434020047528458,2,5,COMPLETE
66,0.02273472525271344,2024-11-23 11:57:51.076469,2024-11-23 12:06:46.050083,0 days 00:08:54.973614,64,0.1,32,0.0026258357225794455,2,5,COMPLETE
67,0.022155237179403528,2024-11-23 12:06:46.051082,2024-11-23 12:15:48.162666,0 days 00:09:02.111584,80,0.2,32,0.0018447155004757384,2,6,COMPLETE
68,0.02214444563808274,2024-11-23 12:15:48.162666,2024-11-23 12:26:26.310528,0 days 00:10:38.147862,16,0.2,32,0.0003787062548045852,2,5,COMPLETE
69,0.022485886616158603,2024-11-23 12:26:26.311547,2024-11-23 12:34:58.964446,0 days 00:08:32.652899,96,0.3,80,0.0008128445178305184,2,4,COMPLETE
70,0.022611717359284803,2024-11-23 12:34:58.965446,2024-11-23 12:45:45.198439,0 days 00:10:46.232993,16,0.2,112,0.000601231419727072,2,6,COMPLETE
71,0.022177317057874877,2024-11-23 12:45:45.199439,2024-11-23 12:55:24.296056,0 days 00:09:39.096617,16,0.2,48,0.0010972816905148004,2,3,COMPLETE
72,0.022248996530154816,2024-11-23 12:55:24.297056,2024-11-23 13:05:01.262806,0 days 00:09:36.965750,16,0.2,128,0.00032358287237743894,2,3,COMPLETE
73,0.022193643347316893,2024-11-23 13:05:01.262806,2024-11-23 13:13:40.539258,0 days 00:08:39.276452,16,0.2,80,0.0015346341382689677,2,1,COMPLETE
74,0.0222149674885594,2024-11-23 13:13:40.540258,2024-11-23 13:23:15.659575,0 days 00:09:35.119317,16,0.2,64,0.0007531184598052275,2,3,COMPLETE
75,0.022373016517835177,2024-11-23 13:23:15.659575,2024-11-23 13:31:52.550484,0 days 00:08:36.890909,96,0.2,48,0.00042828972081323976,2,4,COMPLETE
76,0.02258196865873745,2024-11-23 13:31:52.551484,2024-11-23 13:41:32.737803,0 days 00:09:40.186319,32,0.3,32,0.00022982107324292882,2,5,COMPLETE
77,0.02489065712085907,2024-11-23 13:41:32.738803,2024-11-23 13:49:57.584707,0 days 00:08:24.845904,80,0.2,80,9.479681807672448e-05,1,3,COMPLETE
78,0.022128890772784012,2024-11-23 13:49:57.584707,2024-11-23 13:59:19.821052,0 days 00:09:22.236345,16,0.1,64,0.0001599216989197484,2,2,COMPLETE
79,0.02248762331385399,2024-11-23 13:59:19.821052,2024-11-23 14:07:55.400517,0 days 00:08:35.579465,96,0.2,96,0.0012573792436446623,2,4,COMPLETE
80,0.023692344616106874,2024-11-23 14:07:55.400517,2024-11-23 14:16:56.702826,0 days 00:09:01.302309,64,0.3,80,0.0072206862173682254,2,5,COMPLETE
81,0.02252510488818651,2024-11-23 14:16:56.703826,2024-11-23 14:26:32.192969,0 days 00:09:35.489143,32,0.2,80,0.000976882624234493,2,5,COMPLETE
82,0.022443081233070757,2024-11-23 14:26:32.193969,2024-11-23 14:36:05.705247,0 days 00:09:33.511278,32,0.2,80,0.0006415817864087242,2,5,COMPLETE
83,0.023070890694604638,2024-11-23 14:36:05.705895,2024-11-23 14:45:53.396077,0 days 00:09:47.690182,32,0.2,80,0.000959410816206553,2,6,COMPLETE
84,0.022839592469812407,2024-11-23 14:45:53.396077,2024-11-23 14:55:27.939633,0 days 00:09:34.543556,32,0.2,80,0.002026676707755326,2,5,COMPLETE
85,0.021602392300290544,2024-11-23 14:55:27.940633,2024-11-23 15:04:22.760827,0 days 00:08:54.820194,32,0.2,64,0.0004746336358315973,2,3,COMPLETE
86,0.021953911706615575,2024-11-23 15:04:22.761827,2024-11-23 15:13:59.058483,0 days 00:09:36.296656,16,0.2,64,0.000494927616538032,2,3,COMPLETE
87,0.022197740784979526,2024-11-23 15:13:59.058483,2024-11-23 15:22:19.874414,0 days 00:08:20.815931,96,0.3,64,0.002455650796707028,2,3,COMPLETE
88,0.029007196410157945,2024-11-23 15:22:19.875413,2024-11-23 15:30:47.899489,0 days 00:08:28.024076,80,0.2,64,1.1991731221392332e-05,2,3,COMPLETE
89,0.021924114480892407,2024-11-23 15:30:47.900489,2024-11-23 15:40:21.993752,0 days 00:09:34.093263,16,0.2,64,0.00032863712083850587,2,3,COMPLETE
90,0.021966677141447156,2024-11-23 15:40:21.994752,2024-11-23 15:49:57.871875,0 days 00:09:35.877123,16,0.2,64,0.0003385309921371868,2,3,COMPLETE
91,0.021862775377782882,2024-11-23 15:49:57.871875,2024-11-23 15:59:33.849173,0 days 00:09:35.977298,16,0.2,64,0.00026645325188376465,2,3,COMPLETE
92,0.02195095840315623,2024-11-23 15:59:33.850173,2024-11-23 16:09:04.801899,0 days 00:09:30.951726,16,0.2,64,0.00019879031753530606,2,3,COMPLETE
93,0.02187187288734379,2024-11-23 16:09:04.802899,2024-11-23 16:18:37.621308,0 days 00:09:32.818409,16,0.2,64,0.00027687150173455276,2,3,COMPLETE
94,0.022221523884289645,2024-11-23 16:18:37.622308,2024-11-23 16:28:10.409025,0 days 00:09:32.786717,16,0.2,64,0.00014858643866270553,2,3,COMPLETE
95,0.021902459005040033,2024-11-23 16:28:10.410025,2024-11-23 16:37:44.062734,0 days 00:09:33.652709,16,0.2,64,0.00024909943372774325,2,3,COMPLETE
96,0.022009315263443036,2024-11-23 16:37:44.063734,2024-11-23 16:47:18.722437,0 days 00:09:34.658703,16,0.3,64,0.0005384121605661505,2,3,COMPLETE
97,0.021929618419382093,2024-11-23 16:47:18.723437,2024-11-23 16:56:53.603487,0 days 00:09:34.880050,16,0.2,64,0.00025859646978003805,2,3,COMPLETE
98,0.021916638700634115,2024-11-23 16:56:53.604487,2024-11-23 17:06:27.398196,0 days 00:09:33.793709,16,0.2,64,0.00023944313007511026,2,3,COMPLETE
99,0.022685313339684876,2024-11-23 17:06:27.399196,2024-11-23 17:16:00.996929,0 days 00:09:33.597733,16,0.2,64,0.0001019879378693134,2,3,COMPLETE
